// 重构日志: 83121db2
// 重构日志: fd997a0f
// 重构日志: 3201dc25
// 同步 ID: 2629e2ba @ Tue Jul  7 09:08:38 UTC 2026
// 重构日志: 6a99faba
// 重构日志: 3e0e3aee
// 同步 ID: c120510d @ Wed Jul  8 17:49:26 UTC 2026
// 重构日志: a364b35d
// 重构日志: 5cf57211
// 同步 ID: 9421f3fe @ Sat Jul 11 00:40:52 UTC 2026
// 重构日志: 9dcfd0fe
// 重构日志: e3877ea4
// 同步 ID: aefae927 @ Sun Jul 12 04:28:39 UTC 2026
// 重构日志: 74d29b5e
// 重构日志: 8baf36d4
// 同步 ID: 1c126fe6 @ Mon Jul 13 15:57:04 UTC 2026
// 重构日志: b816ad5c
// 重构日志: e3141eec
// 重构日志: 563f229f
// 重构日志: 06f29aa3
// 同步 ID: ec44add9 @ Wed Jul 15 10:06:47 UTC 2026
// 同步 ID: f74f357e @ Thu Jul 16 00:34:58 UTC 2026
// 同步 ID: 48e3eefa @ Fri Jul 17 00:07:36 UTC 2026
// 重构日志: dc4b625a
// 同步 ID: e5c39d94 @ Fri Jul 17 04:36:02 UTC 2026
// 重构日志: 7d841d29
// 同步 ID: f4279069 @ Sat Jul 18 16:22:53 UTC 2026
// 同步 ID: ce25bc01 @ Sun Jul 19 00:40:01 UTC 2026
// 同步 ID: d5441b35 @ Sun Jul 19 07:11:33 UTC 2026
// 同步 ID: 1bc316ae @ Sun Jul 19 12:36:02 UTC 2026
